[huble-digital] raw response:
[
  {
    "name": "Huble Digital",
    "url": "https://ecosystem.hubspot.com/marketplace/solutions/huble-digital",
    "fit_verdict": "Maybe",
    "score": 5,
    "why_fit": "SA based agency",
    "why_not": "Not enough data to evaluate their outbound capacity.",
    "key_signals": [
      "HubSpot Partner",
      "South Africa"
    ]
  }
]

[mo-agency] raw response:
[
  {
    "name": "MO Agency",
    "url": "https://ecosystem.hubspot.com/marketplace/solutions/mo-agency",
    "fit_verdict": "Maybe",
    "score": 5,
    "why_fit": [
      "Need more information to assess. The profile does not give much details about their services offered or their focus."
    ],
    "why_not": [
      "Lack of clear information about outbound sales focus.",
      "No mention of SDR, cold calling, lead gen, or sales development activities.",
      "Unclear if they run outbound

[unlimited-tech-solutions] raw response:
{
  "name": "Unlimited Tech Solutions",
  "url": "https://ecosystem.hubspot.com/marketplace/solutions/unlimited-tech-solutions",
  "fit_verdict": "Good fit",
  "score": 7,
  "why_fit": [
    "Sales Enablement listed as a service.",
    "Sales Coaching and Training listed as a service.",
    "Focus on Revenue Teams.",
    "HQ in South Africa."
  ],
  "why_not": [
    "No explicit mention of outbound sales/SDR/cold calling, may need confirmation.",
    "Also serves North/South America"
  ],
  "key

[markentive] raw response:
[
  {
    "name": "Markentive",
    "url": "https://ecosystem.hubspot.com/marketplace/solutions/markentive",
    "fit_verdict": "Maybe",
    "score": 5,
    "why_fit": [
      "Need more information to assess fit."
    ],
    "why_not": [
      "The provided text offers no information about the company, services, or location."
    ],
    "key_signals": []
  }
]

[struto] raw response:
[
  {
    "name": "Struto",
    "url": "https://ecosystem.hubspot.com/marketplace/solutions/struto",
    "fit_verdict": "Poor fit",
    "score": 2,
    "why_fit": "N/A - No information available on the provided page.",
    "why_not": "The provided text is a general HubSpot page and doesn't contain any information about Struto or their services. Therefore, it's impossible to determine if they are a good fit based on the criteria.",
    "key_signals": []
  }
]

[spitfire-inbound] raw response:
[
  {
    "name": "Spitfire Inbound",
    "url": "https://ecosystem.hubspot.com/marketplace/solutions/spitfire-inbound",
    "fit_verdict": "Good fit",
    "score": 7,
    "why_fit": "Likely does outbound sales based on being an inbound partner and SA focus. Likely works with mid-size companies.",
    "why_not": "Inbound focus may be stronger than outbound.",
    "key_signals": [
      "HubSpot Partner",
      "South Africa"
    ]
  }
]

[power2cloud] raw response:
[
  {
    "name": "Power2Cloud",
    "url": "https://ecosystem.hubspot.com/marketplace/solutions/power2cloud",
    "fit_verdict": "Maybe",
    "score": 5,
    "why_fit": "The profile mentions sales enablement and CRM integrations, suggesting potential outbound sales activities. They are South Africa focused, which is a key requirement.",
    "why_not": "The profile lacks explicit mention of outbound sales, cold calling, lead generation, or running outbound campaigns for clients. The services lis

[warbble-com] raw response:
{
  "name": "Warbble Digital | Onboarding Experts",
  "url": "https://ecosystem.hubspot.com/marketplace/solutions/warbble-com",
  "fit_verdict": "Maybe",
  "score": 7,
  "why_fit": [
    "Sales and Marketing Alignment",
    "Sales Enablement",
    "CRM Implementation",
    "HubSpot Onboarding",
    "Focus on RevOps (aligning sales, marketing, and customer success)",
    "Regions served include EMEA"
  ],
  "why_not": [
    "No specific mention of outbound sales or lead generation",
    "Focus se

[revops-automated] raw response:
[
  {
    "name": "RevOps Automated",
    "url": "https://ecosystem.hubspot.com/marketplace/solutions/revops-automated",
    "fit_verdict": "Maybe",
    "score": 5,
    "why_fit": "Potentially related to sales operations, which can involve outbound sales processes.",
    "why_not": "The profile is too sparse to determine definitively if they offer outbound sales services or focus on South Africa. The name is generic and doesn't give a strong indication of focus.",
    "key_signals": []
  }
]

[digital-reach-online-solutions] raw response:
[
  {
    "name": "Digital Reach Online Solutions",
    "url": "https://ecosystem.hubspot.com/marketplace/solutions/digital-reach-online-solutions",
    "fit_verdict": "Maybe",
    "score": 5,
    "why_fit": [
      "Potential for outbound sales focus exists given the 'digital solutions' description",
      "HubSpot partner in South Africa"
    ],
    "why_not": [
      "Limited information available to determine specific outbound sales activities",
      "No clear indication of SDR, cold callin

[digitlab] raw response:
[
  {
    "name": "Digitlab",
    "url": "https://ecosystem.hubspot.com/marketplace/solutions/digitlab",
    "fit_verdict": "Maybe",
    "score": 7,
    "why_fit": [
      "Focus on generating leads, building pipeline, and closing deals (Sales Hub focus)",
      "Likely serves clients in South Africa based on the lack of location information."
    ],
    "why_not": [
      "Unclear if they specifically run outbound sales campaigns for clients.",
      "Focus may be more on general marketing/sale

[velocity-media] raw response:
[
  {
    "name": "Velocity Media",
    "url": "https://ecosystem.hubspot.com/marketplace/solutions/velocity-media",
    "fit_verdict": "Maybe",
    "score": 5,
    "why_fit": [
      "Potentially focused on growth, could include outbound.",
      "HubSpot partner in South Africa."
    ],
    "why_not": [
      "Profile lacks specific mentions of outbound sales, SDR, cold calling, or lead generation.",
      "Services listed focus more on overall growth strategy and inbound marketing."
    ],
  

[inboundlabs] raw response:
[
  {
    "name": "InboundLabs",
    "url": "https://ecosystem.hubspot.com/marketplace/solutions/inboundlabs",
    "fit_verdict": "Maybe",
    "score": 5,
    "why_fit": "Unknown, requires more info. No useful information available.",
    "why_not": "No information about outbound sales or SDR activities is available from the provided text. This company might only focus on inbound marketing.",
    "key_signals": []
  }
]

[muloo-co-za] raw response:
[
  {
    "name": "muloo-co-za",
    "url": "https://ecosystem.hubspot.com/marketplace/solutions/muloo-co-za",
    "fit_verdict": "Poor fit",
    "score": 1,
    "why_fit": "N/A",
    "why_not": "The provided content is just a cookie consent message, lacking information to assess the company's services and fit for the Intellidial pilot.",
    "key_signals": []
  }
]

[cybersolve] raw response:
[
  {
    "name": "Cybersolve",
    "url": "https://ecosystem.hubspot.com/marketplace/solutions/cybersolve",
    "fit_verdict": "Maybe",
    "score": 5,
    "why_fit": "Based on the information provided (only the cookie banner is available), there is not enough detail to accurately assess if Cybersolve is a fit for the Intellidial pilot.",
    "why_not": "The cookie banner provides no information about Cybersolve's services, target market, or sales focus.",
    "key_signals": []
  }
]

[prop-data-internet-marketing] raw response:
[
  {
    "name": "Prop Data Internet Marketing",
    "url": "https://ecosystem.hubspot.com/marketplace/solutions/prop-data-internet-marketing",
    "fit_verdict": "Poor fit",
    "score": 1,
    "why_fit": "None",
    "why_not": "The provided text is just a standard HubSpot page footer and cookie consent information. There is NO information about Prop Data Internet Marketing, their services, or their focus. Therefore, I cannot assess their fit for the Intellidial pilot.",
    "key_signals": []


[avidity-marketing] raw response:
[
  {
    "name": "Avidity Marketing",
    "url": "https://ecosystem.hubspot.com/marketplace/solutions/avidity-marketing",
    "fit_verdict": "Maybe",
    "score": 5,
    "why_fit": [
      "Focus on lead generation",
      "South Africa based"
    ],
    "why_not": [
      "Unclear if they do outbound sales for clients (agency model)",
      "The profile does not explicitly mention outbound sales or cold calling services."
    ],
    "key_signals": [
      "Lead generation",
      "South Africa

[gofetch] raw response:
[
  {
    "name": "GoFetch",
    "url": "https://ecosystem.hubspot.com/marketplace/solutions/gofetch",
    "fit_verdict": "Maybe",
    "score": 5,
    "why_fit": "Could not evaluate fit, as the entire page consists of a Cookie Policy.",
    "why_not": "Could not evaluate fit, as the entire page consists of a Cookie Policy.",
    "key_signals": []
  }
]

[dotslash] raw response:
[
  {
    "name": "dotslash",
    "url": "https://ecosystem.hubspot.com/marketplace/solutions/dotslash",
    "fit_verdict": "Maybe",
    "score": 5,
    "why_fit": "No information available to evaluate fit.",
    "why_not": "No information available to determine if they are a good fit based on outbound focus, services offered, or target market.",
    "key_signals": []
  }
]

[aspiremarketing] raw response:
[
  {
    "name": "Execo",
    "url": "https://ecosystem.hubspot.com/marketplace/solutions/aspiremarketing",
    "fit_verdict": "Poor fit",
    "score": 3,
    "why_fit": "CRM Implementation, Sales and Marketing Alignment services are listed.",
    "why_not": "No clear focus on outbound sales activities (cold calling, SDR, lead gen). Geographically targets North America, not South Africa.",
    "key_signals": [
      "CRM Implementation",
      "Sales and Marketing Alignment"
    ]
  }
]

[synatic] raw response:
[
  {
    "name": "Synatic",
    "url": "https://ecosystem.hubspot.com/marketplace/solutions/synatic",
    "fit_verdict": "Poor fit",
    "score": 2,
    "why_fit": "N/A - No relevant info",
    "why_not": "No mention of outbound sales, SDR, cold calling, lead gen, or sales development. Seems to be primarily a data integration platform.",
    "key_signals": []
  }
]

[youknow] raw response:
[
  {
    "name": "You Know Digital",
    "url": "https://ecosystem.hubspot.com/marketplace/solutions/youknow",
    "fit_verdict": "Maybe",
    "score": 5,
    "why_fit": [
      "Could potentially offer outbound sales support to clients",
      "HubSpot Solutions Partner"
    ],
    "why_not": [
      "Profile is missing details about outbound sales activities",
      "Unclear if they focus on outbound or lead generation",
      "Company information is unavailable"
    ],
    "key_signals": []


[comarketers] raw response:
{
  "name": "Comarketers",
  "url": "https://ecosystem.hubspot.com/marketplace/solutions/comarketers",
  "fit_verdict": "Maybe",
  "score": 7,
  "why_fit": [
    "Sales and Marketing Alignment service listed",
    "Growth Marketing partner focuses on revenue generation and opportunity pipeline.",
    "Services EMEA including South Africa"
  ],
  "why_not": [
    "Focus seems broader than just outbound/sales development; includes content, PR, etc.",
    "Unclear if they run outbound for clients o

[Engagementfactory] raw response:
[
  {
    "name": "Engagementfactory",
    "url": "https://ecosystem.hubspot.com/marketplace/solutions/Engagementfactory",
    "fit_verdict": "Maybe",
    "score": 5,
    "why_fit": "Unknown. There is no information on this page to determine fit.",
    "why_not": "Unknown. There is no information on this page to determine fit.",
    "key_signals": []
  }
]

[flux-full-circle] raw response:
[
  {
    "name": "Flux Full Circle",
    "url": "https://ecosystem.hubspot.com/marketplace/solutions/flux-full-circle",
    "fit_verdict": "Maybe",
    "score": 5,
    "why_fit": "No information about their services is available from the provided text. The URL provided only contains a cookie consent message and no information about the company.",
    "why_not": "Lack of information to assess outbound focus, SA focus, or target client size.",
    "key_signals": []
  }
]

[switch-marketing] raw response:
[
  {
    "name": "Switch Marketing",
    "url": "https://ecosystem.hubspot.com/marketplace/solutions/switch-marketing",
    "fit_verdict": "Maybe",
    "score": 5,
    "why_fit": "The profile mentions 'sales' which could indicate outbound sales activities.",
    "why_not": "The description is too vague to confirm outbound sales, SDR, or cold calling focus. It is unclear if they run outbound sales for clients, or focus on South Africa.",
    "key_signals": [
      "Mentions 'sales'",
      "HubS

[mut-con] raw response:
{
  "name": "Mut-Con",
  "url": "https://ecosystem.hubspot.com/marketplace/solutions/mut-con",
  "fit_verdict": "Maybe",
  "score": 7,
  "why_fit": [
    "CRM Implementation",
    "CRM Migration",
    "Email Marketing",
    "Johannesburg, South Africa",
    "Full-scale consulting; 'insights for success'",
    "Marketing strategy development"
  ],
  "why_not": [
    "No explicit mention of outbound sales or lead generation focus",
    "Service list leans towards general marketing and CRM, not spe

[quoin-online] raw response:
[
  {
    "name": "Quoin Online",
    "url": "https://ecosystem.hubspot.com/marketplace/solutions/quoin-online",
    "fit_verdict": "Maybe",
    "score": 5,
    "why_fit": [
      "Need more information to determine if they conduct outbound sales activities for clients or themselves."
    ],
    "why_not": [
      "The provided text does not give details about their services to determine if they are involved in outbound sales, SDR, lead generation, or sales development.",
      "The provided tex

[rubydigital] raw response:
[
  {
    "name": "Ruby Digital",
    "url": "https://ecosystem.hubspot.com/marketplace/solutions/rubydigital",
    "fit_verdict": "Maybe",
    "score": 5,
    "why_fit": "South Africa focus",
    "why_not": "Insufficient information to determine focus on outbound sales activities (SDR, cold calling, lead gen) or if they run outbound for clients.",
    "key_signals": [
      "HubSpot Solutions Partner",
      "South Africa based"
    ]
  }
]

[popops] raw response:
[
  {
    "name": "PopOps",
    "url": "https://ecosystem.hubspot.com/marketplace/solutions/popops",
    "fit_verdict": "Maybe",
    "score": 5,
    "why_fit": "SA-based HubSpot partner. Target mid-size to enterprise clients.",
    "why_not": "No information available to confirm outbound sales focus (e.g. SDR, cold calling, lead gen).",
    "key_signals": [
      "HubSpot Partner",
      "South Africa"
    ]
  }
]

[arrowmas] raw response:
{
  "name": "Arrow Marketing and Sales",
  "url": "https://ecosystem.hubspot.com/marketplace/solutions/arrowmas",
  "fit_verdict": "Good fit",
  "score": 7,
  "why_fit": [
    "Lists Lead Generation and Sales Enablement as services.",
    "Located in Cape Town, South Africa.",
    "Offers Sales Coaching and Training.",
    "Comprehensive business solutions provider."
  ],
  "why_not": [
    "Also provides services like Accountancy and Legalities, diluting sales focus.",
    "No specific mention 

[humain] raw response:
[
  {
    "name": "humain",
    "url": "https://ecosystem.hubspot.com/marketplace/solutions/humain",
    "fit_verdict": "Maybe",
    "score": 5,
    "why_fit": "No information provided. Cannot assess fit.",
    "why_not": "No information provided. Cannot assess fit.",
    "key_signals": []
  }
]

[inbound-orbit] raw response:
[
  {
    "name": "Inbound Orbit",
    "url": "https://ecosystem.hubspot.com/marketplace/solutions/inbound-orbit",
    "fit_verdict": "Poor fit",
    "score": 2,
    "why_fit": "N/A - No information available to suggest a fit based on the provided text.",
    "why_not": "No information about their services, location, or outbound focus is available in the provided text. The text is related to cookie management and does not describe the company's offerings.",
    "key_signals": []
  }
]

[heliodigital] raw response:
[
  {
    "name": "Helio Digital",
    "url": "https://ecosystem.hubspot.com/marketplace/solutions/heliodigital",
    "fit_verdict": "Maybe",
    "score": 5,
    "why_fit": "No information provided in the context.",
    "why_not": "No information provided in the context. Cannot determine outbound focus, services, or target market.",
    "key_signals": []
  }
]

[lagomplus] raw response:
[
  {
    "name": "LagomPlus",
    "url": "https://ecosystem.hubspot.com/marketplace/solutions/lagomplus",
    "fit_verdict": "Maybe",
    "score": 5,
    "why_fit": [
      "The page provided does not contain any information about the company LagomPlus, their services, or their focus areas, which makes it impossible to determine if they are a good fit for the Intellidial pilot."
    ],
    "why_not": [
      "The page only contains cookie consent information and does not provide any details abo

[360-digisales] raw response:
[
  {
    "name": "360-DigiSales",
    "url": "https://ecosystem.hubspot.com/marketplace/solutions/360-digisales",
    "fit_verdict": "Maybe",
    "score": 5,
    "why_fit": "Need more information about their outbound sales focus. The company name implies sales, but the profile lacks details.",
    "why_not": "The profile is empty, so there's no concrete information confirming their involvement in outbound sales, SDR, or lead generation activities. Location data is missing.",
    "key_signals": 

[pinkorange] raw response:
[
  {
    "name": "pinkorange",
    "url": "https://ecosystem.hubspot.com/marketplace/solutions/pinkorange",
    "fit_verdict": "Maybe",
    "score": 5,
    "why_fit": [
      "HubSpot Solutions Marketplace Partner",
      "Unclear focus on outbound/sales development"
    ],
    "why_not": [
      "No information about outbound sales or lead generation services",
      "Profile is too basic to determine fit"
    ],
    "key_signals": []
  }
]

[digital-compass] raw response:
[
  {
    "name": "Digital Compass",
    "url": "https://ecosystem.hubspot.com/marketplace/solutions/digital-compass",
    "fit_verdict": "Maybe",
    "score": 5,
    "why_fit": [
      "Need more information to make a proper fit decision."
    ],
    "why_not": [
      "The provided document is a cookie consent page.",
      "There is no information about Digital Compass' services, location, or focus.",
      "Cannot determine if they offer outbound sales, SDR, lead gen, or sales development se

[tims-web-worx-directory] raw response:
[
  {
    "name": "Tim's Web Worx",
    "url": "https://ecosystem.hubspot.com/marketplace/solutions/tims-web-worx-directory",
    "fit_verdict": "Maybe",
    "score": 7,
    "why_fit": "HubSpot expertise across multiple Hubs; CRM migration listed as a service; Sales Enablement certification. Strong focus on HubSpot optimization and automation.",
    "why_not": "No explicit mention of outbound sales, SDR, cold calling, or lead generation. Focus seems more on website design and HubSpot implementat

[nurtureworks] raw response:
[
  {
    "name": "Nurtureworks",
    "url": "https://ecosystem.hubspot.com/marketplace/solutions/nurtureworks",
    "fit_verdict": "Maybe",
    "score": 5,
    "why_fit": "No information provided to assess fit.",
    "why_not": "No information available to determine if they focus on outbound sales, SDR, cold calling, or lead generation.",
    "key_signals": []
  }
]

[www-ushindimedia-co-za] raw response:
{
  "name": "Growth Management",
  "url": "https://ecosystem.hubspot.com/marketplace/solutions/www-ushindimedia-co-za",
  "fit_verdict": "Maybe",
  "score": 5,
  "why_fit": [
    "Sales and Marketing Alignment service",
    "Consulting/advisory industry specialization"
  ],
  "why_not": [
    "No clear outbound sales/SDR focus - more training/consulting oriented.",
    "Focus on training and employee development rather than direct outbound sales execution."
  ],
  "key_signals": [
    "HubSpot O

[learncube] raw response:
[
  {
    "name": "LearnCube",
    "url": "https://ecosystem.hubspot.com/marketplace/solutions/learncube",
    "fit_verdict": "Poor fit",
    "score": 1,
    "why_fit": "N/A - No information available on the provided URL to determine fit.",
    "why_not": "The provided URL leads to a cookie consent page only; there is no information about LearnCube or its services.",
    "key_signals": []
  }
]

[crewbloom] raw response:
[
  {
    "name": "CrewBloom",
    "url": "https://ecosystem.hubspot.com/marketplace/solutions/crewbloom",
    "fit_verdict": "Poor fit",
    "score": 2,
    "why_fit": "N/A - Based on information available, it does not seem to be a good fit.",
    "why_not": "No information is provided about what this company does, making an accurate fit assessment impossible. The available context consists only of cookie settings, which offer no details about the company's focus or services.",
    "key_signals

[storyteller] raw response:
[
  {
    "name": "Storyteller",
    "url": "https://ecosystem.hubspot.com/marketplace/solutions/storyteller",
    "fit_verdict": "Maybe",
    "score": 5,
    "why_fit": [
      "Need more information about their outbound capabilities."
    ],
    "why_not": [
      "The provided information is insufficient to determine if they focus on outbound sales, SDR, cold calling, lead gen, or sales development.",
      "Cannot confirm if they run outbound campaigns for clients.",
      "The cookie policy

[republicdigitalconsultancy] raw response:
[
  {
    "name": "Republic Digital Consultancy",
    "url": "https://ecosystem.hubspot.com/marketplace/solutions/republicdigitalconsultancy",
    "fit_verdict": "Maybe",
    "score": 5,
    "why_fit": "Unknown",
    "why_not": "Profile info not available. No information to assess fit.",
    "key_signals": []
  }
]

[brandheart] raw response:
[
  {
    "name": "Brandheart",
    "url": "https://ecosystem.hubspot.com/marketplace/solutions/brandheart",
    "fit_verdict": "Maybe",
    "score": 5,
    "why_fit": [
      "Focus on strategy and digital transformation suggests potential for sales process involvement.",
      "Mention of CRM implementation hints at understanding of sales technology."
    ],
    "why_not": [
      "The description is vague, lacks specific outbound sales details.",
      "No direct mention of SDR, cold calling,

[semantica-digital] raw response:
[
  {
    "name": "Semantica Digital",
    "url": "https://ecosystem.hubspot.com/marketplace/solutions/semantica-digital",
    "fit_verdict": "Maybe",
    "score": 5,
    "why_fit": "SA-based HubSpot partner.",
    "why_not": "No information to suggest they focus on outbound sales, SDR, cold calling, lead gen, or sales development.",
    "key_signals": [
      "HubSpot Partner",
      "South Africa"
    ]
  }
]

[theb2bcompany] raw response:
[
  {
    "name": "TheB2BCompany",
    "url": "https://ecosystem.hubspot.com/marketplace/solutions/theb2bcompany",
    "fit_verdict": "Maybe",
    "score": 5,
    "why_fit": "Potential for B2B focus in South Africa.",
    "why_not": "Lack of specifics on outbound sales, SDR, cold calling, or lead gen activities.",
    "key_signals": [
      "B2B focus",
      "South Africa"
    ]
  }
]

[heybassh] raw response:
[
  {
    "name": "heybassh",
    "url": "https://ecosystem.hubspot.com/marketplace/solutions/heybassh",
    "fit_verdict": "Maybe",
    "score": 5,
    "why_fit": "Unknown if they have outbound sales focus.",
    "why_not": "The provided data does not contain any information about the company or its services to make a determination.",
    "key_signals": []
  }
]

[demandcmo] raw response:
[
  {
    "name": "DemandCmo",
    "url": "https://ecosystem.hubspot.com/marketplace/solutions/demandcmo",
    "fit_verdict": "Maybe",
    "score": 5,
    "why_fit": "No information available to base a verdict off of.",
    "why_not": "No clear indication of outbound sales focus, target market, or size.",
    "key_signals": []
  }
]

[acumen] raw response:
{
  "name": "Sales Acumen Solutions (Pty) Ltd",
  "url": "https://ecosystem.hubspot.com/marketplace/solutions/acumen",
  "fit_verdict": "Maybe",
  "score": 7,
  "why_fit": [
    "CRM Implementation & Migration",
    "Sales Enablement",
    "Account Based Marketing",
    "South Africa location"
  ],
  "why_not": [
    "Unclear focus on running outbound sales for clients",
    "Service list leans heavily towards CRM/Marketing vs Sales",
    "No explicit mention of outbound, SDR, or cold calling se

[r17ventures] raw response:
[
  {
    "name": "R17Ventures",
    "url": "https://ecosystem.hubspot.com/marketplace/solutions/r17ventures",
    "fit_verdict": "Maybe",
    "score": 5,
    "why_fit": "No page content available to determine fit.",
    "why_not": "No page content available to determine fit.",
    "key_signals": []
  }
]

[realmdigital] raw response:
[
  {
    "name": "Realm Digital",
    "url": "https://ecosystem.hubspot.com/marketplace/solutions/realmdigital",
    "fit_verdict": "Maybe",
    "score": 5,
    "why_fit": "HubSpot partner in South Africa.",
    "why_not": "Profile lacks detail to confirm focus on outbound sales, SDR, cold calling, or lead generation.",
    "key_signals": [
      "HubSpot Partner",
      "South Africa"
    ]
  }
]

[solvemyproblem-solutions] raw response:
{
  "name": "SolveMyProblem Solutions",
  "url": "https://ecosystem.hubspot.com/marketplace/solutions/solvemyproblem-solutions",
  "fit_verdict": "Maybe",
  "score": 5,
  "why_fit": [
    "Need more information to determine if they do outbound sales/lead gen for clients."
  ],
  "why_not": [
    "Profile provides no information about the company's focus or services."
  ],
  "key_signals": []
}

[craftslate] raw response:
{
  "name": "Craft & Slate Creative Agency",
  "url": "https://ecosystem.hubspot.com/marketplace/solutions/craftslate",
  "fit_verdict": "Poor fit",
  "score": 3,
  "why_fit": [],
  "why_not": [
    "Focus on brand development, strategy, design, and marketing, not sales/outbound.",
    "Appears to be a creative agency, not a sales enablement or lead generation agency.",
    "No explicit mention of outbound sales, SDR, cold calling, lead gen, or sales development.",
    "While they have a South A

[rekisa] raw response:
[
  {
    "name": "Rekisa",
    "url": "https://ecosystem.hubspot.com/marketplace/solutions/rekisa",
    "fit_verdict": "Maybe",
    "score": 5,
    "why_fit": "HubSpot solutions partner in South Africa.",
    "why_not": "Profile lacks sufficient details about outbound sales, SDR, cold calling, lead gen, or sales development services. No clear indication if they run outbound for clients. The page provided is just a cookie consent request, lacking relevant information to assess their suitability.

[exokames] raw response:
[
  {
    "name": "Exokames",
    "url": "https://ecosystem.hubspot.com/marketplace/solutions/exokames",
    "fit_verdict": "Maybe",
    "score": 5,
    "why_fit": [],
    "why_not": [
      "No information provided on profile page to evaluate fit."
    ],
    "key_signals": []
  }
]

[khula-web-solutions] raw response:
[
  {
    "name": "Khula Web Solutions",
    "url": "https://ecosystem.hubspot.com/marketplace/solutions/khula-web-solutions",
    "fit_verdict": "Maybe",
    "score": 5,
    "why_fit": "South Africa location; web solutions might include lead generation, depending on their services.",
    "why_not": "No explicit mention of outbound sales, SDR, cold calling, or lead generation services. 'Web solutions' is vague.",
    "key_signals": [
      "South Africa",
      "Web solutions"
    ]
  }
]

[kaizen-csm] raw response:
[
  {
    "name": "Kaizen CSM",
    "url": "https://ecosystem.hubspot.com/marketplace/solutions/kaizen-csm",
    "fit_verdict": "Maybe",
    "score": 5,
    "why_fit": "South Africa region.",
    "why_not": "No information on what they do is available. The cookie notice is all that is provided.",
    "key_signals": [
      "South Africa region",
      "HubSpot solutions partner"
    ]
  }
]

[sunpro-media] raw response:
[
  {
    "name": "SunPro Media",
    "url": "https://ecosystem.hubspot.com/marketplace/solutions/sunpro-media",
    "fit_verdict": "Maybe",
    "score": 5,
    "why_fit": "Unclear from the information given. Potentially SA-focused, services could encompass sales development.",
    "why_not": "No explicit mention of outbound sales, SDR, cold calling, or lead generation services. Could be primarily marketing focused.",
    "key_signals": [
      "HubSpot Solutions Marketplace Partner",
      "Ser

[deepthought360] raw response:
[
  {
    "name": "Deepthought360",
    "url": "https://ecosystem.hubspot.com/marketplace/solutions/deepthought360",
    "fit_verdict": "Maybe",
    "score": 5,
    "why_fit": [
      "Need more information - the profile page is missing, and no partner info is visible to evaluate if they are a good fit for Intellidial."
    ],
    "why_not": [
      "No information available to assess focus on outbound sales, SDR, or lead generation.",
      "Unable to confirm South Africa focus or target client

[coreviadigital] raw response:
[
  {
    "name": "Corevia Digital",
    "url": "https://ecosystem.hubspot.com/marketplace/solutions/coreviadigital",
    "fit_verdict": "Maybe",
    "score": 5,
    "why_fit": "Need more information about their sales focus and client base to accurately assess alignment with the pilot.",
    "why_not": "The provided text lacks details about their services, target audience, and location, hindering the ability to determine if they engage in outbound sales or cater to South African clients.",
    "

[thrivelob] raw response:
[
  {
    "name": "ThriveLob",
    "url": "https://ecosystem.hubspot.com/marketplace/solutions/thrivelob",
    "fit_verdict": "Maybe",
    "score": 5,
    "why_fit": "South Africa location; Solutions Partner",
    "why_not": "Insufficient detail about outbound sales focus from information provided.",
    "key_signals": [
      "Solutions Partner",
      "South Africa"
    ]
  }
]

[hubsolutecrm] raw response:
[
  {
    "name": "Hubsolutecrm",
    "url": "https://ecosystem.hubspot.com/marketplace/solutions/hubsolutecrm",
    "fit_verdict": "Maybe",
    "score": 5,
    "why_fit": "Need more information to evaluate Hubsolutecrm. Lacks sufficient details to confirm outbound/sales focus.",
    "why_not": "No information available on the company, so hard to assess. No clear indication of outbound sales focus, target client size, or specific services offered. Lacks details about South Africa focus or HubSpo

[wefuse] raw response:
[
  {
    "name": "wefuse",
    "url": "https://ecosystem.hubspot.com/marketplace/solutions/wefuse",
    "fit_verdict": "Maybe",
    "score": 5,
    "why_fit": "Unknown - no data available on the URL.",
    "why_not": "Unknown - no data available on the URL.",
    "key_signals": []
  }
]

[growthstack] raw response:
[
  {
    "name": "GrowthStack",
    "url": "https://ecosystem.hubspot.com/marketplace/solutions/growthstack",
    "fit_verdict": "Maybe",
    "score": 5,
    "why_fit": [
      "May offer lead generation or sales development services.",
      "Located in South Africa."
    ],
    "why_not": [
      "No clear mention of outbound sales or cold calling specifically.",
      "The profile is very basic and lacks detail."
    ],
    "key_signals": [
      "South Africa location",
      "HubSpot Solut

[linxus] raw response:
{
  "name": "Linxus",
  "url": "https://ecosystem.hubspot.com/marketplace/solutions/linxus",
  "fit_verdict": "Maybe",
  "score": 7,
  "why_fit": [
    "South Africa-based.",
    "Serves high-growth enterprises.",
    "Focus on financial services, manufacturing, telecommunications, retail, and insurance.",
    "Mention of hyper-personalized customer engagement.",
    "CRM Implementation."
  ],
  "why_not": [
    "No explicit mention of outbound sales, SDR, cold calling, or lead gen in their desc

[www-sikatrix-com] raw response:
[
  {
    "name": "Sikatrix",
    "url": "https://ecosystem.hubspot.com/marketplace/solutions/www-sikatrix-com",
    "fit_verdict": "Maybe",
    "score": 5,
    "why_fit": "SA-based HubSpot partner. Could potentially enable sales teams.",
    "why_not": "Profile is missing key information. The description is absent. No signals related to outbound sales, lead gen, or SDR. Requires further investigation.",
    "key_signals": []
  }
]

[iedm-co-za] raw response:
[
  {
    "name": "IEDM",
    "url": "https://ecosystem.hubspot.com/marketplace/solutions/iedm-co-za",
    "fit_verdict": "Maybe",
    "score": 5,
    "why_fit": [
      "HubSpot Solutions Partner",
      "South Africa based"
    ],
    "why_not": [
      "No specific mention of outbound sales, SDR, cold calling, or lead generation services in the provided context. Focus unclear.",
      "Insufficient information to assess target client size."
    ],
    "key_signals": [
      "HubSpot Solutions

[red-star-media] raw response:
{
  "name": "Red Star Media",
  "url": "https://ecosystem.hubspot.com/marketplace/solutions/red-star-media",
  "fit_verdict": "Maybe",
  "score": 7,
  "why_fit": [
    "Sales and Marketing Alignment service",
    "Full Inbound Marketing Services could include outbound"
  ],
  "why_not": [
    "Focus seems to be primarily inbound marketing",
    "No explicit mention of outbound sales, cold calling, or lead generation as a core service."
  ],
  "key_signals": [
    "Sales and Marketing Alignment",
